# JRE version: Java(TM) SE Runtime Environment (8.0_161-b12) (build 1.8.0_161-b12)
# Java VM: Java HotSpot(TM) 64-Bit Server VM (25.161-b12 mixed mode windows-amd64 compressed oops)
Heap:
 PSYoungGen      total 95232K, used 719K [0x00000000eb180000, 0x00000000f1600000, 0x0000000100000000)
  eden space 87552K, 0% used [0x00000000eb180000,0x00000000eb233fb8,0x00000000f0700000)
  from space 7680K, 0% used [0x00000000f0700000,0x00000000f0700000,0x00000000f0e80000)
  to   space 7680K, 0% used [0x00000000f0e80000,0x00000000f0e80000,0x00000000f1600000)
 ParOldGen       total 30720K, used 8934K [0x00000000c1400000, 0x00000000c3200000, 0x00000000eb180000)
  object space 30720K, 29% used [0x00000000c1400000,0x00000000c1cb9908,0x00000000c3200000)
 Metaspace       used 23379K, capacity 23617K, committed 23808K, reserved 1071104K
  class space    used 2665K, capacity 2746K, committed 2816K, reserved 1048576K
GC Heap History (10 events):
Event: 124.088 GC heap before
{Heap before GC invocations=14 (full 3):
 PSYoungGen      total 88576K, used 986K [0x00000000eb180000, 0x00000000f1700000, 0x0000000100000000)
  eden space 87552K, 0% used [0x00000000eb180000,0x00000000eb180000,0x00000000f0700000)
  from space 1024K, 96% used [0x00000000f0700000,0x00000000f07f6be8,0x00000000f0800000)
  to   space 8192K, 0% used [0x00000000f0f00000,0x00000000f0f00000,0x00000000f1700000)
 ParOldGen       total 30720K, used 6425K [0x00000000c1400000, 0x00000000c3200000, 0x00000000eb180000)
  object space 30720K, 20% used [0x00000000c1400000,0x00000000c1a464d0,0x00000000c3200000)
 Metaspace       used 22729K, capacity 22947K, committed 23216K, reserved 1069056K
  class space    used 2620K, capacity 2693K, committed 2816K, reserved 1048576K
Event: 124.193 GC heap after
Heap after GC invocations=14 (full 3):
 PSYoungGen      total 88576K, used 0K [0x00000000eb180000, 0x00000000f1700000, 0x0000000100000000)
  eden space 87552K, 0% used [0x00000000eb180000,0x00000000eb180000,0x00000000f0700000)
  from space 1024K, 0% used [0x00000000f0700000,0x00000000f0700000,0x00000000f0800000)
  to   space 8192K, 0% used [0x00000000f0f00000,0x00000000f0f00000,0x00000000f1700000)
 ParOldGen       total 30720K, used 6845K [0x00000000c1400000, 0x00000000c3200000, 0x00000000eb180000)
  object space 30720K, 22% used [0x00000000c1400000,0x00000000c1aaf420,0x00000000c3200000)
 Metaspace       used 22729K, capacity 22947K, committed 23216K, reserved 1069056K
  class space    used 2620K, capacity 2693K, committed 2816K, reserved 1048576K
}
Event: 156.462 GC heap before
{Heap before GC invocations=15 (full 3):
 PSYoungGen      total 88576K, used 42761K [0x00000000eb180000, 0x00000000f1700000, 0x0000000100000000)
  eden space 87552K, 48% used [0x00000000eb180000,0x00000000edb42470,0x00000000f0700000)
  from space 1024K, 0% used [0x00000000f0700000,0x00000000f0700000,0x00000000f0800000)
  to   space 8192K, 0% used [0x00000000f0f00000,0x00000000f0f00000,0x00000000f1700000)
 ParOldGen       total 30720K, used 6845K [0x00000000c1400000, 0x00000000c3200000, 0x00000000eb180000)
  object space 30720K, 22% used [0x00000000c1400000,0x00000000c1aaf420,0x00000000c3200000)
 Metaspace       used 22832K, capacity 23081K, committed 23296K, reserved 1069056K
  class space    used 2623K, capacity 2694K, committed 2816K, reserved 1048576K
Event: 156.465 GC heap after
Heap after GC invocations=15 (full 3):
 PSYoungGen      total 94720K, used 924K [0x00000000eb180000, 0x00000000f1600000, 0x0000000100000000)
  eden space 87552K, 0% used [0x00000000eb180000,0x00000000eb180000,0x00000000f0700000)
  from space 7168K, 12% used [0x00000000f0f00000,0x00000000f0fe7388,0x00000000f1600000)
  to   space 7680K, 0% used [0x00000000f0700000,0x00000000f0700000,0x00000000f0e80000)
 ParOldGen       total 30720K, used 6853K [0x00000000c1400000, 0x00000000c3200000, 0x00000000eb180000)
  object space 30720K, 22% used [0x00000000c1400000,0x00000000c1ab1420,0x00000000c3200000)
 Metaspace       used 22832K, capacity 23081K, committed 23296K, reserved 1069056K
  class space    used 2623K, capacity 2694K, committed 2816K, reserved 1048576K
}
Event: 156.465 GC heap before
{Heap before GC invocations=16 (full 4):
 PSYoungGen      total 94720K, used 924K [0x00000000eb180000, 0x00000000f1600000, 0x0000000100000000)
  eden space 87552K, 0% used [0x00000000eb180000,0x00000000eb180000,0x00000000f0700000)
  from space 7168K, 12% used [0x00000000f0f00000,0x00000000f0fe7388,0x00000000f1600000)
  to   space 7680K, 0% used [0x00000000f0700000,0x00000000f0700000,0x00000000f0e80000)
 ParOldGen       total 30720K, used 6853K [0x00000000c1400000, 0x00000000c3200000, 0x00000000eb180000)
  object space 30720K, 22% used [0x00000000c1400000,0x00000000c1ab1420,0x00000000c3200000)
 Metaspace       used 22832K, capacity 23081K, committed 23296K, reserved 1069056K
  class space    used 2623K, capacity 2694K, committed 2816K, reserved 1048576K
Event: 156.572 GC heap after
Heap after GC invocations=16 (full 4):
 PSYoungGen      total 94720K, used 0K [0x00000000eb180000, 0x00000000f1600000, 0x0000000100000000)
  eden space 87552K, 0% used [0x00000000eb180000,0x00000000eb180000,0x00000000f0700000)
  from space 7168K, 0% used [0x00000000f0f00000,0x00000000f0f00000,0x00000000f1600000)
  to   space 7680K, 0% used [0x00000000f0700000,0x00000000f0700000,0x00000000f0e80000)
 ParOldGen       total 30720K, used 6749K [0x00000000c1400000, 0x00000000c3200000, 0x00000000eb180000)
  object space 30720K, 21% used [0x00000000c1400000,0x00000000c1a975d8,0x00000000c3200000)
 Metaspace       used 22832K, capacity 23081K, committed 23296K, reserved 1069056K
  class space    used 2623K, capacity 2694K, committed 2816K, reserved 1048576K
}
Event: 178.678 GC heap before
{Heap before GC invocations=17 (full 4):
 PSYoungGen      total 94720K, used 69308K [0x00000000eb180000, 0x00000000f1600000, 0x0000000100000000)
  eden space 87552K, 79% used [0x00000000eb180000,0x00000000ef52f228,0x00000000f0700000)
  from space 7168K, 0% used [0x00000000f0f00000,0x00000000f0f00000,0x00000000f1600000)
  to   space 7680K, 0% used [0x00000000f0700000,0x00000000f0700000,0x00000000f0e80000)
 ParOldGen       total 30720K, used 6749K [0x00000000c1400000, 0x00000000c3200000, 0x00000000eb180000)
  object space 30720K, 21% used [0x00000000c1400000,0x00000000c1a975d8,0x00000000c3200000)
 Metaspace       used 23379K, capacity 23617K, committed 23808K, reserved 1071104K
  class space    used 2665K, capacity 2746K, committed 2816K, reserved 1048576K
Event: 178.684 GC heap after
Heap after GC invocations=17 (full 4):
 PSYoungGen      total 95232K, used 3304K [0x00000000eb180000, 0x00000000f1600000, 0x0000000100000000)
  eden space 87552K, 0% used [0x00000000eb180000,0x00000000eb180000,0x00000000f0700000)
  from space 7680K, 43% used [0x00000000f0700000,0x00000000f0a3a230,0x00000000f0e80000)
  to   space 7680K, 0% used [0x00000000f0e80000,0x00000000f0e80000,0x00000000f1600000)
 ParOldGen       total 30720K, used 6757K [0x00000000c1400000, 0x00000000c3200000, 0x00000000eb180000)
  object space 30720K, 21% used [0x00000000c1400000,0x00000000c1a995d8,0x00000000c3200000)
 Metaspace       used 23379K, capacity 23617K, committed 23808K, reserved 1071104K
  class space    used 2665K, capacity 2746K, committed 2816K, reserved 1048576K
}
Event: 178.685 GC heap before
{Heap before GC invocations=18 (full 5):
 PSYoungGen      total 95232K, used 3304K [0x00000000eb180000, 0x00000000f1600000, 0x0000000100000000)
  eden space 87552K, 0% used [0x00000000eb180000,0x00000000eb180000,0x00000000f0700000)
  from space 7680K, 43% used [0x00000000f0700000,0x00000000f0a3a230,0x00000000f0e80000)
  to   space 7680K, 0% used [0x00000000f0e80000,0x00000000f0e80000,0x00000000f1600000)
 ParOldGen       total 30720K, used 6757K [0x00000000c1400000, 0x00000000c3200000, 0x00000000eb180000)
  object space 30720K, 21% used [0x00000000c1400000,0x00000000c1a995d8,0x00000000c3200000)
 Metaspace       used 23379K, capacity 23617K, committed 23808K, reserved 1071104K
  class space    used 2665K, capacity 2746K, committed 2816K, reserved 1048576K
Event: 178.765 GC heap after
Heap after GC invocations=18 (full 5):
 PSYoungGen      total 95232K, used 0K [0x00000000eb180000, 0x00000000f1600000, 0x0000000100000000)
  eden space 87552K, 0% used [0x00000000eb180000,0x00000000eb180000,0x00000000f0700000)
  from space 7680K, 0% used [0x00000000f0700000,0x00000000f0700000,0x00000000f0e80000)
  to   space 7680K, 0% used [0x00000000f0e80000,0x00000000f0e80000,0x00000000f1600000)
 ParOldGen       total 30720K, used 8934K [0x00000000c1400000, 0x00000000c3200000, 0x00000000eb180000)
  object space 30720K, 29% used [0x00000000c1400000,0x00000000c1cb9908,0x00000000c3200000)
 Metaspace       used 23379K, capacity 23617K, committed 23808K, reserved 1071104K
  class space    used 2665K, capacity 2746K, committed 2816K, reserved 1048576K
}

