# JRE version: Java(TM) SE Runtime Environment (8.0_161-b12) (build 1.8.0_161-b12)
# Java VM: Java HotSpot(TM) 64-Bit Server VM (25.161-b12 mixed mode windows-amd64 compressed oops)
Heap:
 PSYoungGen      total 19456K, used 162K [0x00000000eb180000, 0x00000000ec900000, 0x0000000100000000)
  eden space 15872K, 1% used [0x00000000eb180000,0x00000000eb1a8850,0x00000000ec100000)
  from space 3584K, 0% used [0x00000000ec580000,0x00000000ec580000,0x00000000ec900000)
  to   space 4096K, 0% used [0x00000000ec100000,0x00000000ec100000,0x00000000ec500000)
 ParOldGen       total 26112K, used 9105K [0x00000000c1400000, 0x00000000c2d80000, 0x00000000eb180000)
  object space 26112K, 34% used [0x00000000c1400000,0x00000000c1ce46d8,0x00000000c2d80000)
 Metaspace       used 23003K, capacity 23193K, committed 23552K, reserved 1071104K
  class space    used 2653K, capacity 2728K, committed 2816K, reserved 1048576K
GC Heap History (10 events):
Event: 125.429 GC heap before
{Heap before GC invocations=19 (full 2):
 PSYoungGen      total 20992K, used 17532K [0x00000000eb180000, 0x00000000ecb00000, 0x0000000100000000)
  eden space 15872K, 100% used [0x00000000eb180000,0x00000000ec100000,0x00000000ec100000)
  from space 5120K, 32% used [0x00000000ec600000,0x00000000ec79f3a8,0x00000000ecb00000)
  to   space 5120K, 0% used [0x00000000ec100000,0x00000000ec100000,0x00000000ec600000)
 ParOldGen       total 26112K, used 7537K [0x00000000c1400000, 0x00000000c2d80000, 0x00000000eb180000)
  object space 26112K, 28% used [0x00000000c1400000,0x00000000c1b5c790,0x00000000c2d80000)
 Metaspace       used 22971K, capacity 23193K, committed 23552K, reserved 1071104K
  class space    used 2653K, capacity 2728K, committed 2816K, reserved 1048576K
Event: 125.434 GC heap after
Heap after GC invocations=19 (full 2):
 PSYoungGen      total 16384K, used 398K [0x00000000eb180000, 0x00000000eca00000, 0x0000000100000000)
  eden space 15872K, 0% used [0x00000000eb180000,0x00000000eb180000,0x00000000ec100000)
  from space 512K, 77% used [0x00000000ec100000,0x00000000ec163890,0x00000000ec180000)
  to   space 4608K, 0% used [0x00000000ec580000,0x00000000ec580000,0x00000000eca00000)
 ParOldGen       total 26112K, used 8775K [0x00000000c1400000, 0x00000000c2d80000, 0x00000000eb180000)
  object space 26112K, 33% used [0x00000000c1400000,0x00000000c1c91ce0,0x00000000c2d80000)
 Metaspace       used 22971K, capacity 23193K, committed 23552K, reserved 1071104K
  class space    used 2653K, capacity 2728K, committed 2816K, reserved 1048576K
}
Event: 132.897 GC heap before
{Heap before GC invocations=20 (full 2):
 PSYoungGen      total 16384K, used 16270K [0x00000000eb180000, 0x00000000eca00000, 0x0000000100000000)
  eden space 15872K, 100% used [0x00000000eb180000,0x00000000ec100000,0x00000000ec100000)
  from space 512K, 77% used [0x00000000ec100000,0x00000000ec163890,0x00000000ec180000)
  to   space 4608K, 0% used [0x00000000ec580000,0x00000000ec580000,0x00000000eca00000)
 ParOldGen       total 26112K, used 8775K [0x00000000c1400000, 0x00000000c2d80000, 0x00000000eb180000)
  object space 26112K, 33% used [0x00000000c1400000,0x00000000c1c91ce0,0x00000000c2d80000)
 Metaspace       used 22980K, capacity 23193K, committed 23552K, reserved 1071104K
  class space    used 2653K, capacity 2728K, committed 2816K, reserved 1048576K
Event: 132.901 GC heap after
Heap after GC invocations=20 (full 2):
 PSYoungGen      total 20480K, used 608K [0x00000000eb180000, 0x00000000eca00000, 0x0000000100000000)
  eden space 15872K, 0% used [0x00000000eb180000,0x00000000eb180000,0x00000000ec100000)
  from space 4608K, 13% used [0x00000000ec580000,0x00000000ec618000,0x00000000eca00000)
  to   space 4608K, 0% used [0x00000000ec100000,0x00000000ec100000,0x00000000ec580000)
 ParOldGen       total 26112K, used 8847K [0x00000000c1400000, 0x00000000c2d80000, 0x00000000eb180000)
  object space 26112K, 33% used [0x00000000c1400000,0x00000000c1ca3ce0,0x00000000c2d80000)
 Metaspace       used 22980K, capacity 23193K, committed 23552K, reserved 1071104K
  class space    used 2653K, capacity 2728K, committed 2816K, reserved 1048576K
}
Event: 152.064 GC heap before
{Heap before GC invocations=21 (full 2):
 PSYoungGen      total 20480K, used 16480K [0x00000000eb180000, 0x00000000eca00000, 0x0000000100000000)
  eden space 15872K, 100% used [0x00000000eb180000,0x00000000ec100000,0x00000000ec100000)
  from space 4608K, 13% used [0x00000000ec580000,0x00000000ec618000,0x00000000eca00000)
  to   space 4608K, 0% used [0x00000000ec100000,0x00000000ec100000,0x00000000ec580000)
 ParOldGen       total 26112K, used 8847K [0x00000000c1400000, 0x00000000c2d80000, 0x00000000eb180000)
  object space 26112K, 33% used [0x00000000c1400000,0x00000000c1ca3ce0,0x00000000c2d80000)
 Metaspace       used 22985K, capacity 23193K, committed 23552K, reserved 1071104K
  class space    used 2653K, capacity 2728K, committed 2816K, reserved 1048576K
Event: 152.067 GC heap after
Heap after GC invocations=21 (full 2):
 PSYoungGen      total 20480K, used 736K [0x00000000eb180000, 0x00000000eca00000, 0x0000000100000000)
  eden space 15872K, 0% used [0x00000000eb180000,0x00000000eb180000,0x00000000ec100000)
  from space 4608K, 15% used [0x00000000ec100000,0x00000000ec1b8000,0x00000000ec580000)
  to   space 4608K, 0% used [0x00000000ec580000,0x00000000ec580000,0x00000000eca00000)
 ParOldGen       total 26112K, used 8847K [0x00000000c1400000, 0x00000000c2d80000, 0x00000000eb180000)
  object space 26112K, 33% used [0x00000000c1400000,0x00000000c1ca3ce0,0x00000000c2d80000)
 Metaspace       used 22985K, capacity 23193K, committed 23552K, reserved 1071104K
  class space    used 2653K, capacity 2728K, committed 2816K, reserved 1048576K
}
Event: 155.733 GC heap before
{Heap before GC invocations=22 (full 2):
 PSYoungGen      total 20480K, used 4368K [0x00000000eb180000, 0x00000000eca00000, 0x0000000100000000)
  eden space 15872K, 22% used [0x00000000eb180000,0x00000000eb50c1a0,0x00000000ec100000)
  from space 4608K, 15% used [0x00000000ec100000,0x00000000ec1b8000,0x00000000ec580000)
  to   space 4608K, 0% used [0x00000000ec580000,0x00000000ec580000,0x00000000eca00000)
 ParOldGen       total 26112K, used 8847K [0x00000000c1400000, 0x00000000c2d80000, 0x00000000eb180000)
  object space 26112K, 33% used [0x00000000c1400000,0x00000000c1ca3ce0,0x00000000c2d80000)
 Metaspace       used 23001K, capacity 23193K, committed 23552K, reserved 1071104K
  class space    used 2653K, capacity 2728K, committed 2816K, reserved 1048576K
Event: 155.737 GC heap after
Heap after GC invocations=22 (full 2):
 PSYoungGen      total 19456K, used 768K [0x00000000eb180000, 0x00000000ec900000, 0x0000000100000000)
  eden space 15872K, 0% used [0x00000000eb180000,0x00000000eb180000,0x00000000ec100000)
  from space 3584K, 21% used [0x00000000ec580000,0x00000000ec640000,0x00000000ec900000)
  to   space 4096K, 0% used [0x00000000ec100000,0x00000000ec100000,0x00000000ec500000)
 ParOldGen       total 26112K, used 8855K [0x00000000c1400000, 0x00000000c2d80000, 0x00000000eb180000)
  object space 26112K, 33% used [0x00000000c1400000,0x00000000c1ca5ce0,0x00000000c2d80000)
 Metaspace       used 23001K, capacity 23193K, committed 23552K, reserved 1071104K
  class space    used 2653K, capacity 2728K, committed 2816K, reserved 1048576K
}
Event: 155.737 GC heap before
{Heap before GC invocations=23 (full 3):
 PSYoungGen      total 19456K, used 768K [0x00000000eb180000, 0x00000000ec900000, 0x0000000100000000)
  eden space 15872K, 0% used [0x00000000eb180000,0x00000000eb180000,0x00000000ec100000)
  from space 3584K, 21% used [0x00000000ec580000,0x00000000ec640000,0x00000000ec900000)
  to   space 4096K, 0% used [0x00000000ec100000,0x00000000ec100000,0x00000000ec500000)
 ParOldGen       total 26112K, used 8855K [0x00000000c1400000, 0x00000000c2d80000, 0x00000000eb180000)
  object space 26112K, 33% used [0x00000000c1400000,0x00000000c1ca5ce0,0x00000000c2d80000)
 Metaspace       used 23001K, capacity 23193K, committed 23552K, reserved 1071104K
  class space    used 2653K, capacity 2728K, committed 2816K, reserved 1048576K
Event: 155.897 GC heap after
Heap after GC invocations=23 (full 3):
 PSYoungGen      total 19456K, used 0K [0x00000000eb180000, 0x00000000ec900000, 0x0000000100000000)
  eden space 15872K, 0% used [0x00000000eb180000,0x00000000eb180000,0x00000000ec100000)
  from space 3584K, 0% used [0x00000000ec580000,0x00000000ec580000,0x00000000ec900000)
  to   space 4096K, 0% used [0x00000000ec100000,0x00000000ec100000,0x00000000ec500000)
 ParOldGen       total 26112K, used 9105K [0x00000000c1400000, 0x00000000c2d80000, 0x00000000eb180000)
  object space 26112K, 34% used [0x00000000c1400000,0x00000000c1ce46d8,0x00000000c2d80000)
 Metaspace       used 23001K, capacity 23193K, committed 23552K, reserved 1071104K
  class space    used 2653K, capacity 2728K, committed 2816K, reserved 1048576K
}

